This is pdfTeX, Version 3.14159265-2.6-1.40.19 (MiKTeX 2.9.6930 64-bit) (preloaded format=pdflatex 2019.3.22)  10 OCT 2019 00:46
entering extended mode
**./InformeLaboratorio02.tex
(InformeLaboratorio02.tex
LaTeX2e <2018-12-01>
(D:\miktext\tex/latex/base\article.cls
Document Class: article 2018/09/03 v1.4i Standard LaTeX document class
(D:\miktext\tex/latex/base\size12.clo
File: size12.clo 2018/09/03 v1.4i Standard LaTeX file (size option)
)
\c@part=\count80
\c@section=\count81
\c@subsection=\count82
\c@subsubsection=\count83
\c@paragraph=\count84
\c@subparagraph=\count85
\c@figure=\count86
\c@table=\count87
\abovecaptionskip=\skip41
\belowcaptionskip=\skip42
\bibindent=\dimen102
) (D:\miktext\tex/latex/base\inputenc.sty
Package: inputenc 2018/08/11 v1.3c Input encoding file
\inpenc@prehook=\toks14
\inpenc@posthook=\toks15
) (D:\miktext\tex/generic/babel\babel.sty
Package: babel 2018/11/13 3.27 The Babel package

(D:\miktext\tex/generic/babel\switch.def
File: switch.def 2018/11/13 3.27 Babel switching mechanism
)
*************************************
* Local config file bblopts.cfg used
*
(D:\miktext\tex/latex/arabi\bblopts.cfg
File: bblopts.cfg 2005/09/08 v0.1 add Arabic and Farsi to "declared" options of
 babel
)
(D:\miktext\tex/latex/babel-spanish\spanish.ldf
Language: spanish.ldf 2016/03/03 v5.0p Spanish support from the babel system

(D:\miktext\tex/generic/babel\babel.def
File: babel.def 2018/11/13 3.27 Babel common definitions
\babel@savecnt=\count88
\U@D=\dimen103

(D:\miktext\tex/generic/babel\txtbabel.def)
\bbl@dirlevel=\count89
)
\es@quottoks=\toks16
\es@quotdepth=\count90
Package babel Info: Making " an active character on input line 561.
Package babel Info: Making . an active character on input line 662.
Package babel Info: Making < an active character on input line 707.
Package babel Info: Making > an active character on input line 707.
))
(D:\miktext\tex/latex/graphics\graphicx.sty
Package: graphicx 2017/06/01 v1.1a Enhanced LaTeX Graphics (DPC,SPQR)

(D:\miktext\tex/latex/graphics\keyval.sty
Package: keyval 2014/10/28 v1.15 key=value parser (DPC)
\KV@toks@=\toks17
)
(D:\miktext\tex/latex/graphics\graphics.sty
Package: graphics 2017/06/25 v1.2c Standard LaTeX Graphics (DPC,SPQR)

(D:\miktext\tex/latex/graphics\trig.sty
Package: trig 2016/01/03 v1.10 sin cos tan (DPC)
)
(D:\miktext\tex/latex/graphics-cfg\graphics.cfg
File: graphics.cfg 2016/06/04 v1.11 sample graphics configuration
)
Package graphics Info: Driver file: pdftex.def on input line 99.

(D:\miktext\tex/latex/graphics-def\pdftex.def
File: pdftex.def 2018/01/08 v1.0l Graphics/color driver for pdftex
))
\Gin@req@height=\dimen104
\Gin@req@width=\dimen105
)
(D:\miktext\tex/latex/geometry\geometry.sty
Package: geometry 2018/04/16 v5.8 Page Geometry

(D:\miktext\tex/generic/oberdiek\ifpdf.sty
Package: ifpdf 2018/09/07 v3.3 Provides the ifpdf switch
)
(D:\miktext\tex/generic/oberdiek\ifvtex.sty
Package: ifvtex 2016/05/16 v1.6 Detect VTeX and its facilities (HO)
Package ifvtex Info: VTeX not detected.
)
(D:\miktext\tex/generic/ifxetex\ifxetex.sty
Package: ifxetex 2010/09/12 v0.6 Provides ifxetex conditional
)
\Gm@cnth=\count91
\Gm@cntv=\count92
\c@Gm@tempcnt=\count93
\Gm@bindingoffset=\dimen106
\Gm@wd@mp=\dimen107
\Gm@odd@mp=\dimen108
\Gm@even@mp=\dimen109
\Gm@layoutwidth=\dimen110
\Gm@layoutheight=\dimen111
\Gm@layouthoffset=\dimen112
\Gm@layoutvoffset=\dimen113
\Gm@dimlist=\toks18

(D:\miktext\tex/latex/geometry\geometry.cfg))
(D:\miktext\tex/latex/float\float.sty
Package: float 2001/11/08 v1.3d Float enhancements (AL)
\c@float@type=\count94
\float@exts=\toks19
\float@box=\box27
\@float@everytoks=\toks20
\@floatcapt=\box28
)
(D:\miktext\tex/latex/amsmath\amsmath.sty
Package: amsmath 2018/12/01 v2.17b AMS math features
\@mathmargin=\skip43

For additional information on amsmath, use the `?' option.
(D:\miktext\tex/latex/amsmath\amstext.sty
Package: amstext 2000/06/29 v2.01 AMS text

(D:\miktext\tex/latex/amsmath\amsgen.sty
File: amsgen.sty 1999/11/30 v2.0 generic functions
\@emptytoks=\toks21
\ex@=\dimen114
))
(D:\miktext\tex/latex/amsmath\amsbsy.sty
Package: amsbsy 1999/11/29 v1.2d Bold Symbols
\pmbraise@=\dimen115
)
(D:\miktext\tex/latex/amsmath\amsopn.sty
Package: amsopn 2016/03/08 v2.02 operator names
)
\inf@bad=\count95
LaTeX Info: Redefining \frac on input line 223.
\uproot@=\count96
\leftroot@=\count97
LaTeX Info: Redefining \overline on input line 385.
\classnum@=\count98
\DOTSCASE@=\count99
LaTeX Info: Redefining \ldots on input line 482.
LaTeX Info: Redefining \dots on input line 485.
LaTeX Info: Redefining \cdots on input line 606.
\Mathstrutbox@=\box29
\strutbox@=\box30
\big@size=\dimen116
LaTeX Font Info:    Redeclaring font encoding OML on input line 729.
LaTeX Font Info:    Redeclaring font encoding OMS on input line 730.
\macc@depth=\count100
\c@MaxMatrixCols=\count101
\dotsspace@=\muskip10
\c@parentequation=\count102
\dspbrk@lvl=\count103
\tag@help=\toks22
\row@=\count104
\column@=\count105
\maxfields@=\count106
\andhelp@=\toks23
\eqnshift@=\dimen117
\alignsep@=\dimen118
\tagshift@=\dimen119
\tagwidth@=\dimen120
\totwidth@=\dimen121
\lineht@=\dimen122
\@envbody=\toks24
\multlinegap=\skip44
\multlinetaggap=\skip45
\mathdisplay@stack=\toks25
LaTeX Info: Redefining \[ on input line 2844.
LaTeX Info: Redefining \] on input line 2845.
)
(D:\miktext\tex/latex/oberdiek\stackrel.sty
Package: stackrel 2016/05/16 v1.3 Adding subscript option to stackrel (HO)

(D:\miktext\tex/generic/oberdiek\etexcmds.sty
Package: etexcmds 2016/05/16 v1.6 Avoid name clashes with e-TeX commands (HO)

(D:\miktext\tex/generic/oberdiek\infwarerr.sty
Package: infwarerr 2016/05/16 v1.4 Providing info/warning/error messages (HO)
)
(D:\miktext\tex/generic/oberdiek\ifluatex.sty
Package: ifluatex 2016/05/16 v1.4 Provides the ifluatex switch (HO)
Package ifluatex Info: LuaTeX not detected.
))
(D:\miktext\tex/generic/oberdiek\pdftexcmds.sty
Package: pdftexcmds 2018/09/10 v0.29 Utility functions of pdfTeX for LuaTeX (HO
)

(D:\miktext\tex/generic/oberdiek\ltxcmds.sty
Package: ltxcmds 2016/05/16 v1.23 LaTeX kernel commands for general use (HO)
)
Package pdftexcmds Info: LuaTeX not detected.
Package pdftexcmds Info: \pdf@primitive is available.
Package pdftexcmds Info: \pdf@ifprimitive is available.
Package pdftexcmds Info: \pdfdraftmode found.
))
(D:\miktext\tex/latex/multirow\multirow.sty
Package: multirow 2019/01/01 v2.4 Span multiple rows of a table
\multirow@colwidth=\skip46
\multirow@cntb=\count107
\multirow@dima=\skip47
\bigstrutjot=\dimen123
)
(D:\miktext\tex/latex/tools\enumerate.sty
Package: enumerate 2015/07/23 v3.00 enumerate extensions (DPC)
\@enLab=\toks26
) (InformeLaboratorio02.aux
LaTeX Info: Redefining \. on input line 6.
LaTeX Info: Redefining \% on input line 6.

(Secciones/Actividad01.aux) (Secciones/Actividad02.aux)
(Secciones/Actividad03.aux))
\openout1 = `InformeLaboratorio02.aux'.

LaTeX Font Info:    Checking defaults for OML/cmm/m/it on input line 18.
LaTeX Font Info:    ... okay on input line 18.
LaTeX Font Info:    Checking defaults for T1/cmr/m/n on input line 18.
LaTeX Font Info:    ... okay on input line 18.
LaTeX Font Info:    Checking defaults for OT1/cmr/m/n on input line 18.
LaTeX Font Info:    ... okay on input line 18.
LaTeX Font Info:    Checking defaults for OMS/cmsy/m/n on input line 18.
LaTeX Font Info:    ... okay on input line 18.
LaTeX Font Info:    Checking defaults for OMX/cmex/m/n on input line 18.
LaTeX Font Info:    ... okay on input line 18.
LaTeX Font Info:    Checking defaults for U/cmr/m/n on input line 18.
LaTeX Font Info:    ... okay on input line 18.
LaTeX Info: Redefining \. on input line 18.
LaTeX Info: Redefining \% on input line 18.
 (D:\miktext\tex/context/base/mkii\supp-pdf.mkii
[Loading MPS to PDF converter (version 2006.09.02).]
\scratchcounter=\count108
\scratchdimen=\dimen124
\scratchbox=\box31
\nofMPsegments=\count109
\nofMParguments=\count110
\everyMPshowfont=\toks27
\MPscratchCnt=\count111
\MPscratchDim=\dimen125
\MPnumerator=\count112
\makeMPintoPDFobject=\count113
\everyMPtoPDFconversion=\toks28
) (D:\miktext\tex/latex/oberdiek\epstopdf-base.sty
Package: epstopdf-base 2016/05/15 v2.6 Base part for package epstopdf

(D:\miktext\tex/latex/oberdiek\grfext.sty
Package: grfext 2016/05/16 v1.2 Manage graphics extensions (HO)

(D:\miktext\tex/generic/oberdiek\kvdefinekeys.sty
Package: kvdefinekeys 2016/05/16 v1.4 Define keys (HO)
))
(D:\miktext\tex/latex/oberdiek\kvoptions.sty
Package: kvoptions 2016/05/16 v3.12 Key value format for package options (HO)

(D:\miktext\tex/generic/oberdiek\kvsetkeys.sty
Package: kvsetkeys 2016/05/16 v1.17 Key value parser (HO)
))
Package epstopdf-base Info: Redefining graphics rule for `.eps' on input line 4
38.
Package grfext Info: Graphics extension search list:
(grfext)             [.pdf,.png,.jpg,.mps,.jpeg,.jbig2,.jb2,.PDF,.PNG,.JPG,.JPE
G,.JBIG2,.JB2,.eps]
(grfext)             \AppendGraphicsExtensions on input line 456.
)
*geometry* driver: auto-detecting
*geometry* detected driver: pdftex
*geometry* verbose mode - [ preamble ] result:
* driver: pdftex
* paper: letterpaper
* layout: <same size as paper>
* layoutoffset:(h,v)=(0.0pt,0.0pt)
* modes: 
* h-part:(L,W,R)=(56.9055pt, 500.484pt, 56.9055pt)
* v-part:(T,H,B)=(56.9055pt, 681.15898pt, 56.9055pt)
* \paperwidth=614.295pt
* \paperheight=794.96999pt
* \textwidth=500.484pt
* \textheight=681.15898pt
* \oddsidemargin=-15.36449pt
* \evensidemargin=-15.36449pt
* \topmargin=-52.36449pt
* \headheight=12.0pt
* \headsep=25.0pt
* \topskip=12.0pt
* \footskip=30.0pt
* \marginparwidth=44.0pt
* \marginparsep=10.0pt
* \columnsep=10.0pt
* \skip\footins=10.8pt plus 4.0pt minus 2.0pt
* \hoffset=0.0pt
* \voffset=0.0pt
* \mag=1000
* \@twocolumnfalse
* \@twosidefalse
* \@mparswitchfalse
* \@reversemarginfalse
* (1in=72.27pt=25.4mm, 1cm=28.453pt)

<./Imagenes/logo.jpg, id=1, 276.03125pt x 183.68625pt>
File: ./Imagenes/logo.jpg Graphic file (type jpg)
<use ./Imagenes/logo.jpg>
Package pdftex.def Info: ./Imagenes/logo.jpg  used on input line 38.
(pdftex.def)             Requested size: 227.62204pt x 151.47853pt.
[1

{C:/Users/Usuario/AppData/Local/MiKTeX/2.9/pdftex/config/pdftex.map} <./Imagene
s/logo.jpg>] (InformeLaboratorio02.toc
LaTeX Info: Redefining \. on input line 1.
LaTeX Info: Redefining \% on input line 1.
)
\tf@toc=\write3
\openout3 = `InformeLaboratorio02.toc'.

 [1]
\openout2 = `Secciones/Actividad01.aux'.

 (Secciones/Actividad01.tex
<./Imagenes/11.png, id=11, 670.00313pt x 445.665pt>
File: ./Imagenes/11.png Graphic file (type png)
<use ./Imagenes/11.png>
Package pdftex.def Info: ./Imagenes/11.png  used on input line 14.
(pdftex.def)             Requested size: 312.9803pt x 208.18411pt.
<./Imagenes/12.png, id=12, 584.93532pt x 418.56375pt>
File: ./Imagenes/12.png Graphic file (type png)
<use ./Imagenes/12.png>
Package pdftex.def Info: ./Imagenes/12.png  used on input line 22.
(pdftex.def)             Requested size: 312.9803pt x 223.96451pt.

[1

 <./Imagenes/11.png> <./Imagenes/12.png>]
<./Imagenes/13.png, id=18, 536.75531pt x 457.71pt>
File: ./Imagenes/13.png Graphic file (type png)
<use ./Imagenes/13.png>
Package pdftex.def Info: ./Imagenes/13.png  used on input line 29.
(pdftex.def)             Requested size: 341.43306pt x 291.15247pt.
<./Imagenes/14.png, id=19, 840.13875pt x 550.30594pt>
File: ./Imagenes/14.png Graphic file (type png)
<use ./Imagenes/14.png>
Package pdftex.def Info: ./Imagenes/14.png  used on input line 34.
(pdftex.def)             Requested size: 341.43306pt x 223.6452pt.
) [2 <./Imagenes/13.png> <./Imagenes/14.png>]
\openout2 = `Secciones/Actividad02.aux'.

 (Secciones/Actividad02.tex
<./Imagenes/21.png, id=25, 667.74469pt x 532.99126pt>
File: ./Imagenes/21.png Graphic file (type png)
<use ./Imagenes/21.png>
Package pdftex.def Info: ./Imagenes/21.png  used on input line 8.
(pdftex.def)             Requested size: 312.9803pt x 249.82277pt.
<./Imagenes/22.png, id=26, 482.55281pt x 384.6872pt>
File: ./Imagenes/22.png Graphic file (type png)
<use ./Imagenes/22.png>
Package pdftex.def Info: ./Imagenes/22.png  used on input line 18.
(pdftex.def)             Requested size: 256.0748pt x 204.14738pt.
 [3


 <./Imagenes/21.png> <./Imagenes/22.png>]
<./Imagenes/23.png, id=32, 537.50812pt x 461.47406pt>
File: ./Imagenes/23.png Graphic file (type png)
<use ./Imagenes/23.png>
Package pdftex.def Info: ./Imagenes/23.png  used on input line 27.
(pdftex.def)             Requested size: 312.9803pt x 268.70432pt.
<./Imagenes/24.png, id=33, 536.0025pt x 459.96844pt>
File: ./Imagenes/24.png Graphic file (type png)
<use ./Imagenes/24.png>
Package pdftex.def Info: ./Imagenes/24.png  used on input line 34.
(pdftex.def)             Requested size: 312.9803pt x 268.57863pt.
<./Imagenes/25.png, id=34, 1352.80406pt x 523.9575pt>
File: ./Imagenes/25.png Graphic file (type png)
<use ./Imagenes/25.png>
Package pdftex.def Info: ./Imagenes/25.png  used on input line 40.
(pdftex.def)             Requested size: 512.1496pt x 198.36238pt.

Overfull \hbox (26.67934pt too wide) in paragraph at lines 40--41
 [] 
 []

[4 <./Imagenes/23.png> <./Imagenes/24.png>]) [5 <./Imagenes/25.png>]
\openout2 = `Secciones/Actividad03.aux'.


(Secciones/Actividad03.tex
Underfull \hbox (badness 10000) in paragraph at lines 4--13

 []


Underfull \hbox (badness 10000) in paragraph at lines 4--13

 []


Underfull \hbox (badness 10000) in paragraph at lines 4--13

 []

<./Imagenes/31.png, id=45, 1443.89438pt x 662.475pt>
File: ./Imagenes/31.png Graphic file (type png)
<use ./Imagenes/31.png>
Package pdftex.def Info: ./Imagenes/31.png  used on input line 15.
(pdftex.def)             Requested size: 483.69684pt x 221.92291pt.

Underfull \hbox (badness 10000) in paragraph at lines 18--24

 []


Underfull \hbox (badness 10000) in paragraph at lines 18--24

 []


Underfull \hbox (badness 10000) in paragraph at lines 18--24

 []


Underfull \hbox (badness 10000) in paragraph at lines 18--24

 []


Underfull \hbox (badness 10000) in paragraph at lines 18--24

 []

<./Imagenes/32.png, id=46, 1444.64719pt x 660.96938pt>
File: ./Imagenes/32.png Graphic file (type png)
<use ./Imagenes/32.png>
Package pdftex.def Info: ./Imagenes/32.png  used on input line 25.
(pdftex.def)             Requested size: 483.69684pt x 221.3076pt.
[6


 <./Imagenes/31.png>]
Underfull \hbox (badness 10000) in paragraph at lines 29--31

 []

<./Imagenes/33.png, id=52, 1444.64719pt x 660.21657pt>
File: ./Imagenes/33.png Graphic file (type png)
<use ./Imagenes/33.png>
Package pdftex.def Info: ./Imagenes/33.png  used on input line 34.
(pdftex.def)             Requested size: 483.69684pt x 221.05554pt.

Underfull \hbox (badness 10000) in paragraph at lines 38--41

 []


Underfull \hbox (badness 10000) in paragraph at lines 38--41

 []

<./Imagenes/34.png, id=53, 1444.64719pt x 666.23906pt>
File: ./Imagenes/34.png Graphic file (type png)
<use ./Imagenes/34.png>
Package pdftex.def Info: ./Imagenes/34.png  used on input line 43.
(pdftex.def)             Requested size: 483.69684pt x 223.072pt.
[7 <./Imagenes/32.png> <./Imagenes/33.png>]
Underfull \hbox (badness 10000) in paragraph at lines 46--49

 []


Underfull \hbox (badness 10000) in paragraph at lines 46--49

 []

<./Imagenes/35.png, id=59, 1444.64719pt x 661.72218pt>
File: ./Imagenes/35.png Graphic file (type png)
<use ./Imagenes/35.png>
Package pdftex.def Info: ./Imagenes/35.png  used on input line 51.
(pdftex.def)             Requested size: 483.69684pt x 221.55966pt.

Underfull \hbox (badness 10000) in paragraph at lines 54--57

 []


Underfull \hbox (badness 10000) in paragraph at lines 54--57

 []

<./Imagenes/36.png, id=60, 426.7215pt x 193.158pt>
File: ./Imagenes/36.png Graphic file (type png)
<use ./Imagenes/36.png>
Package pdftex.def Info: ./Imagenes/36.png  used on input line 59.
(pdftex.def)             Requested size: 483.69684pt x 218.94684pt.
[8 <./Imagenes/34.png> <./Imagenes/35.png>]
Underfull \hbox (badness 10000) in paragraph at lines 62--65

 []


Overfull \hbox (14.57036pt too wide) in paragraph at lines 62--65
\OT1/cmr/m/n/12 PromotionLengthDays = DA-TE-DIFF(DimPromotion[StartDate], Dim-P
ro-mo-tion[EndDate], DAY) 
 []


Underfull \hbox (badness 10000) in paragraph at lines 62--65

 []

<./Imagenes/37.png, id=66, 1440.88312pt x 724.20563pt>
File: ./Imagenes/37.png Graphic file (type png)
<use ./Imagenes/37.png>
Package pdftex.def Info: ./Imagenes/37.png  used on input line 67.
(pdftex.def)             Requested size: 483.69684pt x 243.11041pt.

Underfull \hbox (badness 10000) in paragraph at lines 71--75

 []


Underfull \hbox (badness 10000) in paragraph at lines 71--75

 []

<./Imagenes/38.png, id=67, 1444.64719pt x 663.98062pt>
File: ./Imagenes/38.png Graphic file (type png)
<use ./Imagenes/38.png>
Package pdftex.def Info: ./Imagenes/38.png  used on input line 77.
(pdftex.def)             Requested size: 483.69684pt x 222.31583pt.
[9 <./Imagenes/36.png> <./Imagenes/37.png>]) [10 <./Imagenes/38.png>]
(InformeLaboratorio02.aux
LaTeX Info: Redefining \. on input line 6.
LaTeX Info: Redefining \% on input line 6.
 (Secciones/Actividad01.aux)
(Secciones/Actividad02.aux) (Secciones/Actividad03.aux)) ) 
Here is how much of TeX's memory you used:
 3740 strings out of 492946
 50838 string characters out of 3143048
 135045 words of memory out of 3000000
 7543 multiletter control sequences out of 15000+200000
 5450 words of font info for 20 fonts, out of 3000000 for 9000
 1141 hyphenation exceptions out of 8191
 34i,5n,31p,636b,359s stack positions out of 5000i,500n,10000p,200000b,50000s
<D:/miktext/fonts/typ
e1/public/amsfonts/cm/cmbx12.pfb><D:/miktext/fonts/type1/public/amsfonts/cm/cmr
12.pfb><D:/miktext/fonts/type1/public/amsfonts/cm/cmr6.pfb>
Output written on InformeLaboratorio02.pdf (12 pages, 1535368 bytes).
PDF statistics:
 88 PDF objects out of 1000 (max. 8388607)
 0 named destinations out of 1000 (max. 500000)
 91 words of extra memory for PDF output out of 10000 (max. 10000000)

